


ARM Macro Assembler    Page 1 


    1 00000000                 AREA             MULTIPLY, CODE, READONLY
    2 00000000         ENTRY
    3 00000000         
    4 00000000         START
    5 00000000 E3A01C19        MOV              R1, #6400   ; Load immediate va
                                                            lue 6400 into R1
    6 00000004 E3A02D32        MOV              R2, #3200   ; Load immediate va
                                                            lue 3200 into R2
    7 00000008 E0030291        MUL              R3, R1, R2  ; Multiply R1 and R
                                                            2, store result in 
                                                            R3
    8 0000000C         
    9 0000000C E1A00000        NOP                          ; No operation (pla
                                                            ceholder)
   10 00000010 E1A00000        NOP                          ; No operation (pla
                                                            ceholder)
   11 00000014         
   12 00000014                 END                          ; End of program
Command Line: --debug --xref --apcs=interwork --depend=.\startup.d -o.\startup.
o -IC:\Keil\ARM\RV31\INC -IC:\Keil\ARM\CMSIS\Include -IC:\Keil\ARM\Inc\Philips 
--predefine="__EVAL SETA 1" --list=.\startup.lst Startup.s



ARM Macro Assembler    Page 1 Alphabetic symbol ordering
Relocatable symbols

ENTRY 00000000

Symbol: ENTRY
   Definitions
      At line 2 in file Startup.s
   Uses
      None
Comment: ENTRY unused
MULTIPLY 00000000

Symbol: MULTIPLY
   Definitions
      At line 1 in file Startup.s
   Uses
      None
Comment: MULTIPLY unused
START 00000000

Symbol: START
   Definitions
      At line 4 in file Startup.s
   Uses
      None
Comment: START unused
3 symbols
334 symbols in table
